<?xml version="1.0" encoding="UTF-8"?>
<!-- Generated by org.testng.reporters.JUnitXMLReporter -->
<testsuite ignored="4" hostname="LAPTOP-4TVV0GHV" failures="3" tests="22" name="chromeTest" time="382.437" errors="0" timestamp="2024-01-11T12:39:25 IST">
  <testcase classname="executePageClasses.LoginPageTestClass" name="verifyCorrectPageIsLoadedWhileHittingTheUrl" time="0.064"/>
  <testcase classname="executePageClasses.LoginPageTestClass" name="verifySuccessfullLogin" time="1.886"/>
  <testcase classname="executePageClasses.LoginPageTestClass" name="verifyUnsuccessfullLogin" time="1.245"/>
  <testcase classname="executePageClasses.LoginPageTestClass" name="verifyUnsuccessfullLogin" time="1.452"/>
  <testcase classname="executePageClasses.LoginPageTestClass" name="verifyUnsuccessfullLogin" time="1.711"/>
  <testcase classname="executePageClasses.HomePageTestClass" name="verifyAllTilesAreDisplayedInHomePage" time="2.783"/>
  <testcase classname="executePageClasses.HomePageTestClass" name="verifyUserCanLogoutSuccessfully" time="4.787"/>
  <testcase classname="executePageClasses.RegisterAPatientTestClass" name="verifyPatientCanRegisterSuccessfully" time="15.213"/>
  <testcase classname="executePageClasses.RegisterAPatientTestClass" name="verifyPatientCanDeleteSuccessfully" time="15.48"/>
  <testcase classname="executePageClasses.RegisterAPatientTestClass" name="verifyPatientCanEditDetailsSuccessfully" time="21.422"/>
  <testcase classname="executePageClasses.ActiveVisitsTestClass" name="verifyPatientIsActiveVisitPageWhileEndVisit" time="18.775">
    <skipped/>
  </testcase> <!-- verifyPatientIsActiveVisitPageWhileEndVisit -->
  <testcase classname="executePageClasses.ActiveVisitsTestClass" name="verifyPatientIsActiveVisitPageWhileEndVisit" time="19.674">
    <skipped/>
  </testcase> <!-- verifyPatientIsActiveVisitPageWhileEndVisit -->
  <testcase classname="executePageClasses.ActiveVisitsTestClass" name="verifyPatientIsActiveVisitPageWhileEndVisit" time="18.595">
    <skipped/>
  </testcase> <!-- verifyPatientIsActiveVisitPageWhileEndVisit -->
  <testcase classname="executePageClasses.ActiveVisitsTestClass" name="verifyPatientIsActiveVisitPageWhileEndVisit" time="18.107">
    <failure type="java.lang.AssertionError" message="expected [true] but found [false]">
      <![CDATA[java.lang.AssertionError: expected [true] but found [false]
at executePageClasses.ActiveVisitsTestClass.verifyPatientIsActiveVisitPageWhileEndVisit(ActiveVisitsTestClass.java:83)
at java.base/java.util.ArrayList.forEach(ArrayList.java:1511)
... Removed 31 stack frames]]>
    </failure>
  </testcase> <!-- verifyPatientIsActiveVisitPageWhileEndVisit -->
  <testcase classname="executePageClasses.ActiveVisitsTestClass" name="verifyPatientIsActiveVisitPageWhileStartVisit" time="17.191">
    <skipped/>
  </testcase> <!-- verifyPatientIsActiveVisitPageWhileStartVisit -->
  <testcase classname="executePageClasses.ActiveVisitsTestClass" name="verifyPatientIsActiveVisitPageWhileStartVisit" time="18.81">
    <skipped/>
  </testcase> <!-- verifyPatientIsActiveVisitPageWhileStartVisit -->
  <testcase classname="executePageClasses.ActiveVisitsTestClass" name="verifyPatientIsActiveVisitPageWhileStartVisit" time="17.174">
    <skipped/>
  </testcase> <!-- verifyPatientIsActiveVisitPageWhileStartVisit -->
  <testcase classname="executePageClasses.ActiveVisitsTestClass" name="verifyPatientIsActiveVisitPageWhileStartVisit" time="19.113">
    <failure type="java.lang.AssertionError" message="expected [true] but found [false]">
      <![CDATA[java.lang.AssertionError: expected [true] but found [false]
at executePageClasses.ActiveVisitsTestClass.verifyPatientIsActiveVisitPageWhileStartVisit(ActiveVisitsTestClass.java:49)
at java.base/java.util.ArrayList.forEach(ArrayList.java:1511)
... Removed 31 stack frames]]>
    </failure>
  </testcase> <!-- verifyPatientIsActiveVisitPageWhileStartVisit -->
  <testcase classname="executePageClasses.FindAPatientTestClass" name="verifyToFindAPatient" time="6.928">
    <skipped/>
  </testcase> <!-- verifyToFindAPatient -->
  <testcase classname="executePageClasses.FindAPatientTestClass" name="verifyToFindAPatient" time="9.124">
    <skipped/>
  </testcase> <!-- verifyToFindAPatient -->
  <testcase classname="executePageClasses.FindAPatientTestClass" name="verifyToFindAPatient" time="6.821">
    <skipped/>
  </testcase> <!-- verifyToFindAPatient -->
  <testcase classname="executePageClasses.FindAPatientTestClass" name="verifyToFindAPatient" time="6.538">
    <failure type="java.lang.AssertionError" message="expected [true] but found [false]">
      <![CDATA[java.lang.AssertionError: expected [true] but found [false]
at executePageClasses.FindAPatientTestClass.verifyToFindAPatient(FindAPatientTestClass.java:31)
at java.base/java.util.ArrayList.forEach(ArrayList.java:1511)
... Removed 31 stack frames]]>
    </failure>
  </testcase> <!-- verifyToFindAPatient -->
  <testcase classname="executePageClasses.BaseClass" name="@BeforeSuite createReport" time="0.0">
    <ignored/>
  </testcase> <!-- @BeforeSuite createReport -->
  <testcase classname="executePageClasses.BaseClass" name="@BeforeSuite createReport" time="0.0">
    <ignored/>
  </testcase> <!-- @BeforeSuite createReport -->
  <testcase classname="executePageClasses.BaseClass" name="@BeforeSuite createReport" time="0.0">
    <ignored/>
  </testcase> <!-- @BeforeSuite createReport -->
  <testcase classname="executePageClasses.BaseClass" name="@BeforeSuite createReport" time="0.0">
    <ignored/>
  </testcase> <!-- @BeforeSuite createReport -->
</testsuite> <!-- chromeTest -->
