<?xml version="1.0" encoding="UTF-8"?>
<!-- Generated by org.testng.reporters.JUnitXMLReporter -->
<testsuite ignored="0" hostname="LAPTOP-4TVV0GHV" failures="0" tests="3" name="Test" time="0.664" errors="0" timestamp="2024-01-10T23:30:38 IST">
  <testcase classname="executePageClasses.BaseClass" name="@BeforeMethod beforeMethod" time="-1.704909638791E9">
    <failure type="org.testng.TestNGException" message="
Parameter &amp;apos;browser&amp;apos; is required by BeforeMethod on method beforeMethod but has not been marked @Optional or defined
in E:\testing\workspace\com.healthcareoroject\testng.xml">
      <![CDATA[org.testng.TestNGException: 
Parameter 'browser' is required by BeforeMethod on method beforeMethod but has not been marked @Optional or defined
in E:\testing\workspace\com.healthcareoroject\testng.xml
at java.base/java.util.ArrayList.forEach(ArrayList.java:1511)
... Removed 28 stack frames]]>
    </failure>
  </testcase> <!-- @BeforeMethod beforeMethod -->
  <testcase classname="executePageClasses.BaseClass" name="@AfterMethod afterMethod" time="-1.704909638811E9">
    <skipped/>
  </testcase> <!-- @AfterMethod afterMethod -->
  <testcase classname="executePageClasses.BaseClass" name="@BeforeMethod beforeMethod" time="-1.704909638866E9">
    <skipped/>
  </testcase> <!-- @BeforeMethod beforeMethod -->
  <testcase classname="executePageClasses.BaseClass" name="@AfterMethod afterMethod" time="-1.704909638885E9">
    <skipped/>
  </testcase> <!-- @AfterMethod afterMethod -->
  <testcase classname="executePageClasses.BaseClass" name="@BeforeMethod beforeMethod" time="-1.704909638936E9">
    <skipped/>
  </testcase> <!-- @BeforeMethod beforeMethod -->
  <testcase classname="executePageClasses.BaseClass" name="@AfterMethod afterMethod" time="-1.704909638946E9">
    <skipped/>
  </testcase> <!-- @AfterMethod afterMethod -->
  <testcase classname="executePageClasses.RegisterAPatientTestClass" name="verifyPatientCanRegisterSuccessfully" time="0.0">
    <skipped/>
  </testcase> <!-- verifyPatientCanRegisterSuccessfully -->
  <testcase classname="executePageClasses.RegisterAPatientTestClass" name="verifyPatientCanDeleteSuccessfully" time="0.0">
    <skipped/>
  </testcase> <!-- verifyPatientCanDeleteSuccessfully -->
  <testcase classname="executePageClasses.RegisterAPatientTestClass" name="verifyPatientCanEditDetailsSuccessfully" time="0.0">
    <skipped/>
  </testcase> <!-- verifyPatientCanEditDetailsSuccessfully -->
</testsuite> <!-- Test -->
